2026-03-31 09:28:41 | ERROR | 
100 Failed downloads:
2026-03-31 09:28:41 | ERROR | ['WPM', 'OXY', 'UI', 'MNST', 'PNC', 'AMT', 'ICE', 'MPWR', 'ITUB', 'CSX', 'DASH', 'CCJ', 'LITE', 'ABNB', 'NXPI', 'MPC', 'AEP', 'COR', 'APO', 'MAR', 'BAM', 'CVNA', 'CTAS', 'BK', 'EA', 'KEYS', 'LNG', 'SNDK', 'NDAQ', 'KMI', 'SHW', 'WDS', 'SPG', 'MMM', 'FDX', 'WBD', 'AU', 'TDG', 'HLN', 'KR', 'D', 'ITW', 'EMR', 'CI', 'TGT', 'SOMN', 'NTES', 'ELV', 'TRP', 'CL', 'CAH', 'FNV', 'HOOD', 'E', 'ALL', 'LHX', 'BCS', 'TRV', 'NSC', 'NU', 'GM', 'SU', 'SATA', 'PCAR', 'MPLX', 'CMI', 'WDC', 'OKE', 'BDX', 'HWM', 'VRT', 'NGG', 'ET', 'ADSK', 'B', 'KKR', 'CM', 'AFL', 'FCX', 'RCL', 'AME', 'BNS', 'BN', 'INFY', 'MFC', 'ABEV', 'WMB', 'RSG', 'EOG', 'DB', 'FIX', 'SMFG', 'EXC', 'ROST', 'NET', 'FANG', 'TFC', 'CARR', 'O', 'ADP']: YFRateLimitError('Too Many Requests. Rate limited. Try after a while.')
2026-03-31 09:28:47 | ERROR | 
100 Failed downloads:
2026-03-31 09:28:47 | ERROR | ['SNOW', 'APD', 'GWW', 'FTI', 'JBS', 'TRI', 'EME', 'WAB', 'FAST', 'TDY', 'ECL', 'MDLZ', 'ZTS', 'LYB', 'NKE', 'XEL', 'SRE', 'DHI', 'CTA-PA', 'VLO', 'HSY', 'RCB', 'CASY', 'PSA', 'PRU', 'REGN', 'JD', 'CVS', 'VALE', 'HLT', 'DEO', 'FTNT', 'RACE', 'FER', 'AIG', 'MDLN', 'SATS', 'CPNG', 'CP', 'MCHP', 'TTWO', 'ONC', 'WEC', 'COHR', 'SYY', 'MRVL', 'CNI', 'EPD', 'IDXX', 'KVUE', 'SLF', 'BKR', 'UPS', 'MSI', 'SUNB', 'SLB', 'AZO', 'EW', 'WCN', 'LYG', 'VG', 'DVN', 'CMG', 'MCO', 'CDNS', 'STM', 'CCEP', 'INSM', 'RELX', 'MRSH', 'EXR', 'ING', 'IRM', 'F', 'ETR', 'COIN', 'CIEN', 'VST', 'URI', 'ROP', 'PWR', 'ASX', 'MET', 'CVE', 'NUE', 'PSX', 'AJG', 'DLR', 'USB', 'CCL', 'EXPE', 'HAL', 'AMRZ', 'TAK', 'TRGP', 'CTVA', 'ORLY', 'SNPS', 'PAYX', 'JBL']: YFRateLimitError('Too Many Requests. Rate limited. Try after a while.')
2026-03-31 09:28:53 | ERROR | 
100 Failed downloads:
2026-03-31 09:28:53 | ERROR | ['TER', 'EQT', 'DDOG', 'PUK', 'XYZ', 'OTIS', 'ALNY', 'KGC', 'XYL', 'VRSK', 'PEG', 'VOD', 'CBRE', 'LYV', 'DTE', 'NTRA', 'CUK', 'STZ', 'SYM', 'FOXA', 'AMP', 'CCI', 'CTSH', 'BIIB', 'NTR', 'PBA', 'VMC', 'IR', 'SHG', 'MSTR', 'ATO', 'ED', 'EIX', 'MTB', 'STRF', 'CLS', 'PYPL', 'ARES', 'ASTS', 'WTW', 'RMD', 'KMB', 'DOW', 'CHT', 'KB', 'ELC', 'ODFL', 'BBD', 'TPR', 'VTR', 'FTS', 'UAL', 'FERG', 'HBANZ', 'RJF', 'ROK', 'VEEV', 'CTRA', 'CQP', 'MLM', 'TPL', 'BBDO', 'NRG', 'DOV', 'FE', 'STRC', 'GEHC', 'EBAY', 'YUM', 'BE', 'ALC', 'FISV', 'AXON', 'NWG', 'IX', 'AWK', 'LVS', 'FITB', 'EXE', 'A', 'HIG', 'KDP', 'IQV', 'VICI', 'KHC', 'WDAY', 'PPLC', 'PCG', 'CNP', 'HPE', 'GRMN', 'RKT', 'AEE', 'CPRT', 'PPL', 'DAL', 'MSCI', 'ADM', 'BSBR', 'ARGX']: YFRateLimitError('Too Many Requests. Rate limited. Try after a while.')
2026-03-31 09:28:58 | ERROR | 
100 Failed downloads:
2026-03-31 09:28:58 | ERROR | ['XELLL', 'CRWV', 'PNR', 'DPZ', 'OWL', 'GPN', 'PTC', 'PFGC', 'BBY', 'MLI', 'RZB', 'FMS', 'EMA', 'BIPI', 'INVH', 'SNX', 'APG', 'CSL', 'TRMB', 'BIDU', 'NYT', 'RKLB', 'CNH', 'GMAB', 'ITT', 'SUZ', 'ELS', 'RS', 'PINS', 'COKE', 'AA', 'HUBS', 'ALLY', 'NLY', 'NIO', 'LOGI', 'CLH', 'HOLX', 'GFL', 'UNM', 'WSO', 'SNN', 'IEX', 'TLN', 'STRL', 'GWRE', 'MEDP', 'CLX', 'HAS', 'ULS', 'QXO', 'PAA', 'CNA', 'XPEV', 'TXT', 'PNW', 'FIVE', 'ALGN', 'PODD', 'CG', 'KTOS', 'NBIX', 'SMMT', 'TOL', 'OKTA', 'OXLCI', 'KKRS', 'CHTR', 'SGI', 'ENSG', 'STT', 'TOST', 'HMC', 'J', 'FNF', 'PEN', 'RBLX', 'BALL', 'NXT', 'CDW', 'WPC', 'APOS', 'IONS', 'RGLD', 'WF', 'RTO', 'AFRM', 'TPG', 'ESS', 'FFIV', 'AVY', 'MKC', 'ENTG', 'LAMR', 'KIM', 'HRL', 'HEI', 'WCC', 'GIB', 'REG']: YFRateLimitError('Too Many Requests. Rate limited. Try after a while.')
2026-03-31 09:29:02 | ERROR | 
100 Failed downloads:
2026-03-31 09:29:02 | ERROR | ['GPC', 'MAS', 'FSV', 'BEN', 'AR', 'MTSI', 'CCZ', 'COO', 'CACI', 'HTHT', 'MTG', 'ESAB', 'POWL', 'WLK', 'THC', 'DECK', 'OHI', 'DLB', 'ARCC', 'CGABL', 'LGN', 'FND', 'KRG', 'RPM', 'LECO', 'OGS', 'RBC', 'SWX', 'OLLI', 'MKSI', 'ELAN', 'RHP', 'GLPI', 'RRX', 'CZR', 'BEPH', 'SREA', 'MPT', 'MAA', 'PTGX', 'NDSN', 'PCTY', 'CRDO', 'ESTC', 'ECG', 'AROC', 'EWBC', 'UWMC', 'APA', 'ROKU', 'ACA', 'TIMB', 'SN', 'NJR', 'VSAT', 'TRU', 'UNMA', 'WMG', 'PAYP', 'TME', 'CHDN', 'DTM', 'NPO', 'RGA', 'HST', 'AKAM', 'DBX', 'HLNE', 'TKO', 'ASND', 'MKTX', 'NWS', 'BRKR', 'SMCI', 'GOLF', 'MSM', 'H', 'PR', 'TYL', 'JLL', 'GGG', 'DKS', 'LII', 'VTRS', 'SSNC', 'MGA', 'BF-B', 'LSCC', 'MKC-V', 'BBIO', 'ENS', 'CNC', 'SITE', 'SUI', 'TMHC', 'HWC', 'FIGR', 'NWSA', 'BJ', 'HII']: YFRateLimitError('Too Many Requests. Rate limited. Try after a while.')
2026-03-31 09:29:06 | ERROR | 
100 Failed downloads:
2026-03-31 09:29:06 | ERROR | ['VOYA', 'BYD', 'DSGX', 'BLCO', 'FCN', 'CENX', 'RLI', 'PLXS', 'POST', 'APPF', 'AXTA', 'ROAD', 'HR', 'CNR', 'VFC', 'PRAX', 'LTH', 'CELC', 'AVTR', 'ABCB', 'BCPC', 'OBDC', 'CRC', 'WEX', 'AUGO', 'WH', 'OZK', 'LW', 'ALGM', 'GBCI', 'FNB', 'COGT', 'CNX', 'SEE', 'BEPC', 'GLXY', 'LAD', 'SSRM', 'OS', 'GVA', 'SON', 'VCX', 'SNEX', 'BZ', 'MGY', 'TTAN', 'BLTE', 'TRNO', 'FROG', 'BEPI', 'TGTX', 'FLG', 'OTEX', 'EQPT', 'BKH', 'PTCT', 'RIG', 'GXO', 'SRAD', 'LB', 'APLD', 'PBF', 'OMF', 'TFX', 'RGEN', 'MSA', 'LOAR', 'UBSI', 'BIRK', 'POR', 'KVYO', 'UFPI', 'PATH', 'EMAT', 'AMTM', 'EXP', 'CIGI', 'LSTR', 'RUSHA', 'GATX', 'EAT', 'VSNT', 'NEU', 'GTES', 'UZD', 'INGM', 'BIPH', 'HXL', 'CGON', 'ACT', 'STEP', 'MGR', 'GKOS', 'MUR', 'KMX', 'WULF', 'MHK', 'JSM', 'OTF', 'UGP']: YFRateLimitError('Too Many Requests. Rate limited. Try after a while.')
2026-03-31 09:29:10 | ERROR | 
100 Failed downloads:
2026-03-31 09:29:10 | ERROR | ['CPAY', 'ALAB', 'PPG', 'URBN', 'FAF', 'FTAI', 'PSN', 'HOMB', 'RF', 'PHM', 'BRO', 'SOFI', 'FTV', 'RVMD', 'LEA', 'ALB', 'ES', 'WES', 'PFG', 'LEN', 'NXST', 'STRK', 'SOJE', 'WIT', 'NMR', 'FWONA', 'PSTG', 'RYTM', 'ZM', 'ROL', 'AVB', 'LPLA', 'DGX', 'L', 'BEKE', 'VNOM', 'PLNT', 'CHD', 'BR', 'CHRW', 'TROW', 'EXAS', 'FCNCA', 'SR', 'TSCO', 'NTRS', 'PKG', 'TW', 'IFF', 'EVRG', 'COLB', 'CHE', 'LI', 'MTD', 'WWD', 'CMSA', 'CMS', 'RBA', 'CRS', 'RPRX', 'BWXT', 'BNTX', 'EQR', 'CRCL', 'DD', 'TU', 'SNA', 'LYFT', 'LDOS', 'WY', 'DUKB', 'DOO', 'TCPA', 'PHG', 'GIS', 'LH', 'OVV', 'XPO', 'TSN', 'FSLR', 'ZBH', 'CINF', 'DXCM', 'RITM', 'Q', 'HUM', 'OMC', 'IOT', 'AGI', 'MDB', 'STLA', 'FITBM', 'MKL', 'THG', 'EXPD', 'VIV', 'ULTA', 'YUMC', 'FICO', 'TECK']: YFRateLimitError('Too Many Requests. Rate limited. Try after a while.')
2026-03-31 09:29:14 | ERROR | 
100 Failed downloads:
2026-03-31 09:29:14 | ERROR | ['BCE', 'RDDT', 'PAAS', 'BP', 'BMY', 'SHEL', 'CRWD', 'STLD', 'TBB', 'PM', 'CW', 'AMCR', 'DLTR', 'ILMN', 'AXIA', 'UBS', 'WELL', 'VRSN', 'BURL', 'IP', 'FIS', 'AMGN', 'ATI', 'BLK', 'ROIV', 'MTZ', 'RIVN', 'INCY', 'ADI', 'TSM', 'CSCO', 'BMO', 'APP', 'BNJ', 'STRD', 'EL', 'LUV', 'XOM', 'HUBB', 'WST', 'AQNB', 'GILD', 'WAT', 'SBS', 'AXP', 'NVR', 'BG', 'QSR', 'DG', 'USFD', 'LNT', 'VLTO', 'CF', 'WSM', 'SCCO', 'NVT', 'HPQ', 'SBAC', 'FCNCN', 'KEY', 'DRI', 'JPM', 'QCOM', 'CSGP', 'ZS', 'DUK', 'TWLO', 'GFS', 'UTHR', 'UMC', 'SOJD', 'PKX', 'RCI', 'AAPL', 'KEP', 'EFX', 'IBKR', 'ON', 'RTX', 'SOJC', 'NBIS', 'CFG', 'IHG', 'TEAM', 'FOX', 'BRK-B', 'ZTO', 'PBR', 'HBAN', 'NI', 'JBHT', 'RL', 'ARM', 'SPGI', 'NTAP', 'WRB', 'MRNA', 'LULU', 'FWONK', 'SYF']: YFRateLimitError('Too Many Requests. Rate limited. Try after a while.')
2026-03-31 09:29:18 | ERROR | 
100 Failed downloads:
2026-03-31 09:29:18 | ERROR | ['V', 'LRCX', 'RIO', 'AMAT', 'SHOP', 'COP', 'GE', 'AVGO', 'DHR', 'TMUS', 'VZ', 'KLAC', 'SNY', 'NVS', 'CVX', 'BSX', 'SCHW', 'LOW', 'MRK', 'TD', 'CAT', 'UBER', 'GEV', 'AZN', 'UL', 'ABT', 'NOC', 'TM', 'GS', 'LMT', 'VRTX', 'SAP', 'PGR', 'WFC', 'INTU', 'GD', 'BA', 'CEG', 'META', 'ENB', 'PLD', 'PLTR', 'PANW', 'GSK', 'ORCL', 'CB', 'PH', 'COF', 'COST', 'UNP', 'DIS', 'EQIX', 'GOOG', 'BNH', 'MO', 'PG', 'MS', 'LLY', 'PFE', 'NEM', 'BAC', 'HD', 'MU', 'DE', 'SYK', 'DELL', 'C', 'NEE', 'NVO', 'WMT', 'GOOGL', 'SO', 'TSLA', 'SONY', 'TTE', 'ABBV', 'BTI', 'AEM', 'INTC', 'APH', 'MFG', 'GLW', 'SBUX', 'UNH', 'ISRG', 'MA', 'RY', 'IBM', 'AMD', 'CMCSA', 'TXN', 'NFLX', 'TJX', 'LIN', 'JNJ', 'BX', 'HSBC', 'T', 'CNQ', 'MCD']: YFRateLimitError('Too Many Requests. Rate limited. Try after a while.')
2026-03-31 09:29:21 | ERROR | 
100 Failed downloads:
2026-03-31 09:29:21 | ERROR | ['JEF', 'BXP', 'HON', 'BKNG', 'SMTC', 'IBP', 'NE', 'LINE', 'WFRD', 'SSD', 'HCA', 'PCVX', 'KO', 'BHP', 'CRL', 'KNSL', 'CHRD', 'CME', 'SLAB', 'PRH', 'GIL', 'IBN', 'CMSD', 'OXLCG', 'NXE', 'NNN', 'HQY', 'CWAN', 'PNFP', 'MCK', 'CMC', 'EMN', 'BROS', 'MOH', 'NVDA', 'BOKF', 'VIPS', 'DOX', 'BRK-A', 'SAIL', 'ADBE', 'GGB', 'MSFT', 'CIG', 'NOV', 'ASML', 'AL', 'ANET', 'UZE', 'STWD', 'PBR-A', 'OKLO', 'IBRX', 'MUFG', 'JBTM', 'NUVL', 'ARE', 'CRM', 'CMSC', 'PB', 'PEP', 'HBM', 'PRS', 'TMO', 'BABA', 'HALO', 'DOCN', 'ESI', 'TECH', 'ZWS', 'OR', 'MTDR', 'LEVI', 'AGCO', 'IDA', 'WM', 'KEX', 'VICR', 'NCLH', 'NOW', 'HDB', 'PRMB', 'LKQ', 'AUR', 'CAG', 'SIRI', 'MTCH', 'PEGA', 'AAON', 'MORN', 'QGEN', 'TFPM', 'EPAM', 'AYI', 'AXSM', 'STAG', 'IDCC', 'CWEN', 'AMZN', 'INGR']: YFRateLimitError('Too Many Requests. Rate limited. Try after a while.')
2026-03-31 09:29:25 | ERROR | 
100 Failed downloads:
2026-03-31 09:29:25 | ERROR | ['VIAV', 'ARWR', 'CAE', 'FDS', 'QRVO', 'TKR', 'JXN', 'CE', 'MANH', 'EPRT', 'FR', 'KRYS', 'LUMN', 'LPX', 'MTH', 'CRGY', 'PSO', 'ACLX', 'CRUS', 'ESE', 'PRIM', 'TEM', 'MIRM', 'ABVX', 'SWKS', 'EGO', 'LLYVK', 'TTEK', 'MIDD', 'AGX', 'SLGN', 'LFUS', 'SANM', 'SITM', 'MAT', 'AMG', 'GHC', 'ARW', 'MOS', 'CHYM', 'CRK', 'AN', 'CYTK', 'TNL', 'FORM', 'REXR', 'CPB', 'VMI', 'BTSG', 'WAL', 'RAL', 'KYMR', 'HESM', 'LMND', 'VLY', 'HCC', 'POOL', 'SNDR', 'IEP', 'CBSH', 'MP', 'SFM', 'ATMU', 'CAR', 'UZF', 'JHG', 'JOBY', 'FSS', 'TXNM', 'TAL', 'CGNX', 'BAX', 'FHI', 'AWI', 'VNO', 'AAL', 'GDS', 'SNAP', 'ZION', 'LBRDA', 'BIO', 'CTRE', 'ERAS', 'PAYC', 'CACC', 'AAOI', 'UGI', 'CUBE', 'GSAT', 'MRCY', 'NOVT', 'R', 'ORA', 'SOBO', 'LNC', 'PRI', 'FLR', 'ATR', 'KGS', 'MSGS']: YFRateLimitError('Too Many Requests. Rate limited. Try after a while.')
2026-03-31 09:29:29 | ERROR | 
100 Failed downloads:
2026-03-31 09:29:29 | ERROR | ['AIR', 'AVT', 'FELE', 'AUB', 'ENPH', 'RSI', 'MC', 'HASI', 'THO', 'APGE', 'OUT', 'NHI', 'RIOT', 'ATAT', 'ASB', 'AB', 'IMVT', 'LNTH', 'MDU', 'BTU', 'GPGI', 'CSW', 'KNF', 'HUT', 'BMI', 'IBOC', 'MYRG', 'XENE', 'MAIN', 'MRP', 'REYN', 'TDS', 'CAI', 'ELVR', 'LOPE', 'DAN', 'TERN', 'S', 'MAC', 'BRBI', 'VISN', 'CBT', 'ETSY', 'VVV', 'RYAN', 'REZI', 'SLM', 'KC', 'OLED', 'FBIN', 'KLAR', 'FOUR', 'LAUR', 'OPCH', 'TDW', 'QBTS', 'RDNT', 'DOCS', 'MIR', 'BC', 'TPH', 'NNI', 'MNSO', 'SIGI', 'ASBA', 'FFIN', 'PSMT', 'MEOH', 'MMSI', 'CHH', 'CROX', 'GNTX', 'SBRA', 'GPI', 'LBTYK', 'PAGP', 'TCBI', 'BCO', 'MTN', 'BIPC', 'BGC', 'CWST', 'HIMS', 'ACIW', 'SFBS', 'RDN', 'PFSI', 'M', 'FGN', 'SRRK', 'HRB', 'UNF', 'ANF', 'NVST', 'CRSP', 'WFG', 'PTEN', 'YOU', 'VNT', 'MWA']: YFRateLimitError('Too Many Requests. Rate limited. Try after a while.')
2026-03-31 09:29:43 | ERROR | 
100 Failed downloads:
2026-03-31 09:29:43 | ERROR | ['CORT', 'RMBS', 'PPC', 'SOLS', 'TFII', 'ALSN', 'IAG', 'BOOT', 'NWE', 'CIFR', 'OSIS', 'MOG-A', 'SOLV', 'FHN', 'IONQ', 'AX', 'HL', 'AES', 'CPT', 'IPGP', 'EGP', 'XP', 'CTDD', 'SAIC', 'MOD', 'AHR', 'SKY', 'AEIS', 'RVTY', 'IESC', 'ZG', 'KBR', 'CLF', 'GL', 'ORI', 'RDY', 'EDU', 'FIG', 'BFAM', 'PECO', 'CCK', 'AOS', 'U', 'ONON', 'ATHS', 'DCI', 'GTLS', 'UHS', 'EXEL', 'FRT', 'YMM', 'GMED', 'NFG', 'PL', 'AFG', 'VCTR', 'IREN', 'DUOL', 'MCY', 'HLI', 'CORZ', 'ST', 'AGNC', 'CFLT', 'WTS', 'ADT', 'MATX', 'EVR', 'PSKY', 'BDC', 'EQH', 'TTC', 'UDR', 'WING', 'GEN', 'FOLD', 'GDDY', 'CIG-C', 'RGTI', 'WAY', 'GH', 'PACS', 'TTD', 'EXLS', 'DVA', 'OSK', 'CFR', 'BSY', 'SPXC', 'AQN', 'CART', 'FLS', 'CDE', 'AIZ', 'LBRT', 'SARO', 'EBC', 'AM', 'APC', 'GPOR']: YFRateLimitError('Too Many Requests. Rate limited. Try after a while.')
2026-03-31 09:30:03 | ERROR | 
100 Failed downloads:
2026-03-31 09:30:03 | ERROR | ['MUSA', 'MMYT', 'ERIE', 'MDGL', 'BLD', 'DAR', 'CAVA', 'SSB', 'SEIC', 'RRC', 'DINO', 'SFD', 'EMBJ', 'ONTO', 'DOC', 'SII', 'NTNX', 'SJM', 'COLD', 'GNRC', 'VIRT', 'AIT', 'PCOR', 'GME', 'BAH', 'AZZ', 'AG', 'GAP', 'BLDR', 'MASI', 'IT', 'BILI', 'DRS', 'DOCU', 'KRMN', 'ACM', 'AMKR', 'BOX', 'EE', 'ZBRA', 'CVLT', 'CR', 'MICC', 'SKM', 'HSIC', 'DDS', 'DY', 'BRX', 'WTRG', 'KNX', 'ONB', 'OC', 'LEGN', 'SAIA', 'KT', 'DT', 'RBRK', 'SF', 'CRBG', 'IVZ', 'STN', 'OGE', 'TXRH', 'CNM', 'SWK', 'WMS', 'AMH', 'CCC', 'ADC', 'USLM', 'JKHY', 'Z', 'W', 'WBS', 'CHWY', 'WTFC', 'BMRN', 'UMBF', 'BWA', 'ZETA', 'WYNN', 'COMP', 'ARMK', 'TPC', 'AVAV', 'BPOP', 'FCFS', 'TAP', 'ACI', 'MGM', 'TTMI', 'SCI', 'AEG', 'CELH', 'SUN', 'DKNG', 'PAG', 'UHAL', 'EHC', 'AMRX']: YFRateLimitError('Too Many Requests. Rate limited. Try after a while.')
2026-03-31 09:30:23 | ERROR | 
100 Failed downloads:
2026-03-31 09:30:23 | ERROR | ['CSTM', 'NTSK', 'TR', 'LIVN', 'KFY', 'FULT', 'RNG', 'KTB', 'ELF', 'UCB', 'GTLB', 'FRMI', 'EWTX', 'RYN', 'ABG', 'ONDS', 'INSW', 'CVSA', 'ASO', 'SHAK', 'CDP', 'BKD', 'BANF', 'WPP', 'CRNX', 'OLN', 'INTR', 'EXPO', 'BBWI', 'GBDC', 'IRT', 'BHF', 'ALH', 'VSCO', 'CNTA', 'KRC', 'TMDX', 'ITRI', 'ENVA', 'KBH', 'CC', 'MCHB', 'ECCC', 'RNST', 'GFF', 'AAUC', 'JOE', 'BTE', 'BSM', 'HRI', 'ALHC', 'DTG', 'BRC', 'FIBK', 'SM', 'PATK', 'MIAX', 'USAC', 'CNK', 'PLMR', 'WHD', 'HGTY', 'SKE', 'SKYW', 'SXT', 'LGND', 'MMS', 'LEU', 'ACHR', 'VKTX', 'TGNA', 'TAC', 'BKU', 'KAI', 'FSLY', 'LRN', 'CVI', 'GNW', 'HWKN', 'PJT', 'SHC', 'SEI', 'LPL', 'BLLN', 'OTTR', 'PVH', 'SPHR', 'DTB', 'FG', 'TFSL', 'HHH', 'CGAU', 'BILL', 'AD', 'QS', 'STVN', 'CTBB', 'HP', 'BNL', 'NAMS']: YFRateLimitError('Too Many Requests. Rate limited. Try after a while.')
2026-03-31 09:30:39 | ERROR | 
100 Failed downloads:
2026-03-31 09:30:39 | ERROR | ['DTW', 'CARG', 'TREX', 'NOG', 'ALK', 'HCXY', 'IRTC', 'BKV', 'SOUN', 'BANC', 'WSC', 'PRM', 'BETA', 'RWTQ', 'OII', 'CUZ', 'IRDM', 'CPRX', 'IAC', 'DIOD', 'QTWO', 'FTDR', 'BATRA', 'TOWN', 'LXP', 'EXK', 'WK', 'FHB', 'RRR', 'ACAD', 'BGSI', 'SKT', 'PFS', 'SA', 'CPK', 'FBP', 'FSK', 'TEX', 'PII', 'RCD', 'AVA', 'MHO', 'ARIS', 'HAE', 'YETI', 'NATL', 'DNTH', 'FUL', 'FSM', 'CSAN', 'PI', 'ERO', 'TVTX', 'MZTI', 'LCID', 'BFH', 'TWST', 'CVCO', 'GTX', 'INDB', 'EPR', 'SXI', 'OPEN', 'VSEC', 'QLYS', 'IDYA', 'WSBC', 'CALX', 'SMG', 'LIF', 'SYRE', 'GMTL', 'CWT', 'FLY', 'BXMT', 'MGEE', 'CNO', 'WU', 'ARLP', 'PHIN', 'MRX', 'AVNT', 'CATY', 'INDV', 'ITGR', 'IHS', 'DORM', 'MSGE', 'CALM', 'CWK', 'NSA', 'NAVN', 'HTGC', 'RELY', 'AAP', 'FIZZ', 'HGV', 'ICUI', 'PAGS', 'WSFS']: YFRateLimitError('Too Many Requests. Rate limited. Try after a while.')
2026-03-31 09:30:59 | ERROR | 
100 Failed downloads:
2026-03-31 09:30:59 | ERROR | ['BOH', 'CTRI', 'AMR', 'COCO', 'AWR', 'CRVL', 'MFAN', 'KNTK', 'SBCF', 'LASR', 'LION', 'CENT', 'BUSE', 'DBRG', 'FFBC', 'TALO', 'MTRN', 'RUN', 'SYNA', 'PBH', 'ASH', 'CURB', 'IPAR', 'WDFC', 'SFNC', 'DNLI', 'KD', 'ARQT', 'BATRK', 'MARA', 'SUPN', 'LUNR', 'OSCR', 'MGRC', 'HAYW', 'LQDA', 'UTI', 'GPK', 'UCTT', 'RWTN', 'VEON', 'OPLN', 'LCII', 'RLX', 'GBTG', 'CON', 'AEO', 'DK', 'SMR', 'RHI', 'SLG', 'COLM', 'FBK', 'CVBF', 'VERA', 'WHR', 'CAKE', 'MDA', 'SDRL', 'ACLS', 'TRMD', 'KMT', 'DBD', 'TARS', 'UA', 'PONY', 'ANDG', 'TLX', 'UNFI', 'MFAO', 'NIQ', 'FRPT', 'SEAL-PB', 'BRSL', 'DYN', 'CBU', 'HE', 'PPTA', 'BCC', 'APLE', 'GEF', 'POWI', 'MH', 'ECCU', 'NMIH', 'DKL', 'MANU', 'CLMT', 'HYMC', 'ATS', 'SUNC', 'PAY', 'NMRK', 'EEFT', 'PARR', 'FCPT', 'HNGE', 'BRZE', 'CNS', 'GRBK']: YFRateLimitError('Too Many Requests. Rate limited. Try after a while.')
2026-03-31 09:31:18 | ERROR | 
100 Failed downloads:
2026-03-31 09:31:18 | ERROR | ['WB', 'ACMR', 'AMBA', 'PK', 'HTFL', 'NTCT', 'AVPT', 'WOR', 'APAM', 'BKE', 'VCYT', 'PAHC', 'NN', 'VSH', 'PRVA', 'WRD', 'FRSH', 'ABXL', 'WRBY', 'ACHC', 'IVT', 'TRMK', 'NIC', 'UPST', 'NGVT', 'ALMS', 'LMAT', 'GPCR', 'CHEF', 'CXT', 'WLYB', 'HLIO', 'APLS', 'FBNC', 'DJT', 'TENB', 'PMTU', 'CALY', 'ELPC', 'MNR', 'MTX', 'RH', 'SFB', 'DXPE', 'WLY', 'FMC', 'FIGS', 'ANDE', 'HTH', 'DRVN', 'DAVE', 'ABM', 'WAFD', 'GEL', 'MANE', 'WSBCO', 'BL', 'GRDN', 'CLSK', 'HCI', 'TDC', 'AGYS', 'NBTB', 'STUB', 'CUBI', 'VVX', 'AKR', 'DAWN', 'BEAM', 'LFST', 'RXO', 'EVCM', 'KWR', 'SHOO', 'INTA', 'ELVN', 'BBT', 'TNK', 'SAH', 'ZGN', 'BANR', 'XRAY', 'GRND', 'GEO', 'TXG', 'UAA', 'NP', 'BULL', 'EFXT', 'EFC-PD', 'FLNC', 'HUBG', 'CECO', 'HUN', 'CSGS', 'AAPG', 'NWN', 'CPRI', 'DXC', 'HTO']: YFRateLimitError('Too Many Requests. Rate limited. Try after a while.')
2026-03-31 09:31:28 | ERROR | 
48 Failed downloads:
2026-03-31 09:31:28 | ERROR | ['SEM', 'HURN', 'PLUG', 'SAM', 'PRDO', 'VRNS', 'ADEA', 'HOG', 'TRN', 'VAC', 'EFC-PC', 'GNL', 'TNGX', 'KN', 'IMAX', 'VNET', 'OAK-PA', 'SLDE', 'VRRM', 'VC', 'ALRM', 'UE', 'AXTI', 'RCUS', 'AMPX', 'RUM', 'IRON', 'HSAI', 'TBBK', 'SPSC', 'ATRO', 'REAL', 'FRME', 'BELFB', 'NEXT', 'MCW', 'HIW', 'OAK-PB', 'PLAB', 'CIMN', 'VET', 'NESR', 'EXTR', 'ARCB', 'SEZL', 'SRPT', 'ADMA', 'BBUC']: YFRateLimitError('Too Many Requests. Rate limited. Try after a while.')
2026-03-31 09:31:28 | ERROR | ❌ No data retrieved from yfinance.
2026-03-31 09:50:29 | ERROR | ❌ Error saving raw data to Lake: [DELTA_INVALID_CHARACTERS_IN_COLUMN_NAMES] Found invalid character(s) among ' ,;{}()\n\t=' in the column names of your schema.
Invalid column names: Adj Close.
Please use other characters and try again.
Alternatively, enable Column Mapping to keep using these characters.
